Build started 27/11/2016 1:30:35 a. m..
     1>Project "C:\Users\Lenovo\Documents\Visual Studio 2013\Projects\EdgeDetection_GPU\EdgeDetection\EdgeDetection.vcxproj" on node 2 (Build target(s)).
     1>C:\Program Files (x86)\MSBuild\Microsoft.Cpp\v4.0\V120\Microsoft.CppBuild.targets(388,5): warning MSB8028: The intermediate directory (Release\) contains files shared from another project (EdgeDetection.vcxproj).  This can lead to incorrect clean and rebuild behavior.
     1>AddCudaCompileDeps:
         C:\Program Files (x86)\Microsoft Visual Studio 12.0\VC\bin\cl.exe /E /nologo /showIncludes /TP /D__CUDACC__ /DWIN32 /DNDEBUG /D_CONSOLE /D_LIB /D_UNICODE /DUNICODE /IC:\Users\Lenovo\Downloads\opencv\build\include /IC:\Users\Lenovo\Downloads\opencv\build\include\opencv2 /I"C:\ProgramData\NVIDIA Corporation\NVIDIA GPU Computing SDK 4.0\C\common\inc" /I"C:\Program Files\NVIDIA GPU Computing Toolkit\CUDA\v7.5\bin" /I"C:\Program Files\NVIDIA GPU Computing Toolkit\CUDA\v7.5\include" /I"C:\Program Files\NVIDIA GPU Computing Toolkit\CUDA\v7.5\include" /I"C:\Program Files\NVIDIA GPU Computing Toolkit\CUDA\v7.5\bin" /I"C:\Program Files\NVIDIA GPU Computing Toolkit\CUDA\v7.5\include" /I. /FIcuda_runtime.h /c "C:\Users\Lenovo\Documents\Visual Studio 2013\Projects\EdgeDetection_GPU\EdgeDetection\EdgeDetection.cu" 
       CudaBuild:
         Compiling CUDA source file EdgeDetection.cu...
         cmd.exe /C "C:\Users\Lenovo\AppData\Local\Temp\tmp432c5df61d3d43b4b5f4e961d0d450de.cmd"
         "C:\Program Files\NVIDIA GPU Computing Toolkit\CUDA\v7.5\bin\nvcc.exe" -gencode=arch=compute_20,code=\"sm_20,compute_20\" --use-local-env --cl-version 2013 -ccbin "C:\Program Files (x86)\Microsoft Visual Studio 12.0\VC\bin"  -IC:\Users\Lenovo\Downloads\opencv\build\include -IC:\Users\Lenovo\Downloads\opencv\build\include\opencv2 -I"C:\ProgramData\NVIDIA Corporation\NVIDIA GPU Computing SDK 4.0\C\common\inc" -I"C:\Program Files\NVIDIA GPU Computing Toolkit\CUDA\v7.5\bin" -I"C:\Program Files\NVIDIA GPU Computing Toolkit\CUDA\v7.5\include" -I"C:\Program Files\NVIDIA GPU Computing Toolkit\CUDA\v7.5\include" -I"C:\Program Files\NVIDIA GPU Computing Toolkit\CUDA\v7.5\include"     --keep-dir Release -maxrregcount=0  --machine 32 --compile -cudart static     -DWIN32 -DNDEBUG -D_CONSOLE -D_LIB -D_UNICODE -DUNICODE -Xcompiler "/EHsc /W3 /nologo /O2 /Zi  /MD " -o Release\EdgeDetection.cu.obj "C:\Users\Lenovo\Documents\Visual Studio 2013\Projects\EdgeDetection_GPU\EdgeDetection\EdgeDetection.cu"
         
         C:\Users\Lenovo\Documents\Visual Studio 2013\Projects\EdgeDetection_GPU\EdgeDetection>"C:\Program Files\NVIDIA GPU Computing Toolkit\CUDA\v7.5\bin\nvcc.exe" -gencode=arch=compute_20,code=\"sm_20,compute_20\" --use-local-env --cl-version 2013 -ccbin "C:\Program Files (x86)\Microsoft Visual Studio 12.0\VC\bin"  -IC:\Users\Lenovo\Downloads\opencv\build\include -IC:\Users\Lenovo\Downloads\opencv\build\include\opencv2 -I"C:\ProgramData\NVIDIA Corporation\NVIDIA GPU Computing SDK 4.0\C\common\inc" -I"C:\Program Files\NVIDIA GPU Computing Toolkit\CUDA\v7.5\bin" -I"C:\Program Files\NVIDIA GPU Computing Toolkit\CUDA\v7.5\include" -I"C:\Program Files\NVIDIA GPU Computing Toolkit\CUDA\v7.5\include" -I"C:\Program Files\NVIDIA GPU Computing Toolkit\CUDA\v7.5\include"     --keep-dir Release -maxrregcount=0  --machine 32 --compile -cudart static     -DWIN32 -DNDEBUG -D_CONSOLE -D_LIB -D_UNICODE -DUNICODE -Xcompiler "/EHsc /W3 /nologo /O2 /Zi  /MD " -o Release\EdgeDetection.cu.obj "C:\Users\Lenovo\Documents\Visual Studio 2013\Projects\EdgeDetection_GPU\EdgeDetection\EdgeDetection.cu" 
     1>C:\Users\Lenovo\Downloads\opencv\build\include\opencv2/core/types_c.h(345): warning : variable "t" is used before its value is set
     1>C:\Users\Lenovo\Downloads\opencv\build\include\opencv2/core/types_c.h(345): warning : variable "t" is used before its value is set
         EdgeDetection.cu
       ClCompile:
         C:\Program Files (x86)\Microsoft Visual Studio 12.0\VC\bin\CL.exe /c /IC:\Users\Lenovo\Downloads\opencv\build\include /IC:\Users\Lenovo\Downloads\opencv\build\include\opencv2 /I"C:\ProgramData\NVIDIA Corporation\NVIDIA GPU Computing SDK 4.0\C\common\inc" /I"C:\Program Files\NVIDIA GPU Computing Toolkit\CUDA\v7.5\bin" /I"C:\Program Files\NVIDIA GPU Computing Toolkit\CUDA\v7.5\include" /I"C:\Program Files\NVIDIA GPU Computing Toolkit\CUDA\v7.5\include" /Zi /nologo /W3 /WX- /sdl /O2 /Oi /Oy- /GL /D WIN32 /D NDEBUG /D _CONSOLE /D _LIB /D _UNICODE /D UNICODE /Gm- /EHsc /MD /GS /Gy /fp:precise /Zc:wchar_t /Zc:forScope /Yc"stdafx.h" /Fp"Release\EdgeDetectionGPU.pch" /Fo"Release\\" /Fd"Release\vc120.pdb" /Gd /TP /analyze- /errorReport:prompt stdafx.cpp
         stdafx.cpp
       Link:
         C:\Program Files (x86)\Microsoft Visual Studio 12.0\VC\bin\link.exe /ERRORREPORT:PROMPT /OUT:"C:\Users\Lenovo\Documents\Visual Studio 2013\Projects\EdgeDetection_GPU\Release\EdgeDetectionGPU.exe" /INCREMENTAL:NO /NOLOGO /LIBPATH:C:\Users\Lenovo\Downloads\opencv\build\x86\vc12\lib /LIBPATH:"C:\Program Files\NVIDIA GPU Computing Toolkit\CUDA\v7.5\lib\Win32" /LIBPATH:"C:\Program Files\NVIDIA GPU Computing Toolkit\CUDA\v7.5\lib\Win32" opencv_calib3d2413.lib opencv_contrib2413.lib opencv_core2413.lib opencv_features2d2413.lib opencv_flann2413.lib opencv_gpu2413.lib opencv_highgui2413.lib opencv_imgproc2413.lib opencv_legacy2413.lib opencv_ml2413.lib opencv_nonfree2413.lib opencv_objdetect2413.lib opencv_ocl2413.lib opencv_photo2413.lib opencv_stitching2413.lib opencv_superres2413.lib opencv_ts2413.lib opencv_video2413.lib opencv_videostab2413.lib cudart.lib kernel32.lib user32.lib gdi32.lib winspool.lib comdlg32.lib advapi32.lib shell32.lib ole32.lib oleaut32.lib uuid.lib odbc32.lib odbccp32.lib /MANIFEST /MANIFESTUAC:"level='asInvoker' uiAccess='false'" /manifest:embed /DEBUG /PDB:"C:\Users\Lenovo\Documents\Visual Studio 2013\Projects\EdgeDetection_GPU\Release\EdgeDetectionGPU.pdb" /SUBSYSTEM:CONSOLE /OPT:REF /OPT:ICF /LTCG /TLBID:1 /DYNAMICBASE /NXCOMPAT /IMPLIB:"C:\Users\Lenovo\Documents\Visual Studio 2013\Projects\EdgeDetection_GPU\Release\EdgeDetectionGPU.lib" /MACHINE:X86 /SAFESEH Release\EdgeDetection.cu.obj
         Release\stdafx.obj
         Generating code
         Finished generating code
         EdgeDetection.vcxproj -> C:\Users\Lenovo\Documents\Visual Studio 2013\Projects\EdgeDetection_GPU\Release\EdgeDetectionGPU.exe
     1>Done Building Project "C:\Users\Lenovo\Documents\Visual Studio 2013\Projects\EdgeDetection_GPU\EdgeDetection\EdgeDetection.vcxproj" (Build target(s)).

Build succeeded.

Time Elapsed 00:00:07.13
